<?xml version="1.0" encoding="UTF-8"?>
<testng-results skipped="0" failed="0" ignored="0" total="1" passed="1">
  <reporter-output>
  </reporter-output>
  <suite name="Default suite" duration-ms="96474" started-at="2017-09-15T10:43:16Z" finished-at="2017-09-15T10:44:53Z">
    <groups>
    </groups>
    <test name="Default test" duration-ms="96474" started-at="2017-09-15T10:43:16Z" finished-at="2017-09-15T10:44:53Z">
      <class name="carsTesting.CreateNewJobTest">
        <test-method status="PASS" signature="initialioseBrowser()[pri:0, instance:carsTesting.CreateNewJobTest@328cf0e1]" name="initialioseBrowser" is-config="true" duration-ms="45232" started-at="2017-09-15T16:12:31Z" finished-at="2017-09-15T16:13:16Z">
          <reporter-output>
          </reporter-output>
        </test-method> <!-- initialioseBrowser -->
        <test-method status="PASS" signature="beforeSu()[pri:0, instance:carsTesting.CreateNewJobTest@328cf0e1]" name="beforeSu" is-config="true" duration-ms="101" started-at="2017-09-15T16:13:16Z" depends-on-methods="common_Function.WebDriverPass.initialioseBrowser" finished-at="2017-09-15T16:13:16Z">
          <reporter-output>
          </reporter-output>
        </test-method> <!-- beforeSu -->
        <test-method status="PASS" signature="CreateNewJob()[pri:1, instance:carsTesting.CreateNewJobTest@328cf0e1]" name="CreateNewJob" duration-ms="96247" started-at="2017-09-15T16:13:16Z" finished-at="2017-09-15T16:14:53Z">
          <reporter-output>
          </reporter-output>
        </test-method> <!-- CreateNewJob -->
        <test-method status="PASS" signature="afterMethod(org.testng.ITestResult)[pri:0, instance:carsTesting.CreateNewJobTest@328cf0e1]" name="afterMethod" is-config="true" duration-ms="213" started-at="2017-09-15T16:14:53Z" finished-at="2017-09-15T16:14:53Z">
          <params>
            <param index="0">
              <value>
                <![CDATA[[TestResult name=CreateNewJob status=SUCCESS method=CreateNewJobTest.CreateNewJob()[pri:1, instance:carsTesting.CreateNewJobTest@328cf0e1] output={null}]]]>
              </value>
            </param>
          </params>
          <reporter-output>
          </reporter-output>
        </test-method> <!-- afterMethod -->
        <test-method status="PASS" signature="afterSu()[pri:0, instance:carsTesting.CreateNewJobTest@328cf0e1]" name="afterSu" is-config="true" duration-ms="28" started-at="2017-09-15T16:14:53Z" finished-at="2017-09-15T16:14:53Z">
          <reporter-output>
          </reporter-output>
        </test-method> <!-- afterSu -->
        <test-method status="PASS" signature="closeBrowser()[pri:0, instance:carsTesting.CreateNewJobTest@328cf0e1]" name="closeBrowser" is-config="true" duration-ms="784" started-at="2017-09-15T16:14:53Z" depends-on-methods="carsTesting.CreateNewJobTest.afterSu" finished-at="2017-09-15T16:14:54Z">
          <reporter-output>
          </reporter-output>
        </test-method> <!-- closeBrowser -->
      </class> <!-- carsTesting.CreateNewJobTest -->
    </test> <!-- Default test -->
  </suite> <!-- Default suite -->
</testng-results>
